extDB2: Version: 71
extDB2: https://github.com/Torndeco/extDB2
extDB2: Windows Version
Message: All development for extDB2 is done on a Linux Dedicated Server
Message: If you would like to Donate to extDB2 Development
Message: https://www.paypal.com/cgi-bin/webscr?cmd=_s-xclick&hosted_button_id=2SUEFTGABTAM2
Message: Also leave a message if there is any particular feature you would like to see added.
Message: Thanks for all the people that have donated.
Message: Torndeco: 20/02/15


extDB2: Found extdb-conf.ini
extDB2: Detected 12 Cores, Setting up 6 Worker Threads


[21:08:52:351165 +02:00] [Thread 8904] extDB2: No Config Option Found: AltisLife
[21:11:47:413594 +02:00] [Thread 8904] extDB2: Error Unknown Protocol: 7269  Input String: 2:7269:SELECT pid, pos FROM containers WHERE pid='76561198243180582' AND owned='1'
[21:11:47:420213 +02:00] [Thread 8904] extDB2: Error: Syntax error: Not a valid integer: Error Unknown Protocol
[21:11:47:421147 +02:00] [Thread 8904] extDB2: Error: Input String 4:Error Unknown Protocol
[21:12:13:698633 +02:00] [Thread 8904] extDB2: Error Unknown Protocol: 7269  Input String: 2:7269:SELECT pid, pos FROM containers WHERE pid='76561198156887058' AND owned='1'
[21:12:13:700011 +02:00] [Thread 8904] extDB2: Error: Syntax error: Not a valid integer: Error Unknown Protocol
[21:12:13:701606 +02:00] [Thread 8904] extDB2: Error: Input String 4:Error Unknown Protocol
[21:12:42:513217 +02:00] [Thread 8904] extDB2: Error Unknown Protocol: 7269  Input String: 2:7269:SELECT pid, pos FROM containers WHERE pid='76561198257386502' AND owned='1'
[21:12:42:513919 +02:00] [Thread 8904] extDB2: Error: Syntax error: Not a valid integer: Error Unknown Protocol
[21:12:42:514750 +02:00] [Thread 8904] extDB2: Error: Input String 4:Error Unknown Protocol
[21:15:03:260585 +02:00] [Thread 8904] extDB2: Error Unknown Protocol: 7269  Input String: 2:7269:SELECT pid, pos FROM containers WHERE pid='76561198081822860' AND owned='1'
[21:15:03:261015 +02:00] [Thread 8904] extDB2: Error: Syntax error: Not a valid integer: Error Unknown Protocol
[21:15:03:263286 +02:00] [Thread 8904] extDB2: Error: Input String 4:Error Unknown Protocol
[21:15:37:596898 +02:00] [Thread 8904] extDB2: Error Unknown Protocol: 7269  Input String: 2:7269:SELECT pid, pos FROM containers WHERE pid='76561198257386502' AND owned='1'
[21:15:37:597206 +02:00] [Thread 8904] extDB2: Error: Syntax error: Not a valid integer: Error Unknown Protocol
[21:15:37:597425 +02:00] [Thread 8904] extDB2: Error: Input String 4:Error Unknown Protocol
[21:16:26:443216 +02:00] [Thread 8904] extDB2: Error Unknown Protocol: 7269  Input String: 2:7269:SELECT pid, pos FROM containers WHERE pid='76561198257386502' AND owned='1'
[21:16:26:443939 +02:00] [Thread 8904] extDB2: Error: Syntax error: Not a valid integer: Error Unknown Protocol
[21:16:26:444488 +02:00] [Thread 8904] extDB2: Error: Input String 4:Error Unknown Protocol
